\BOOKMARK [0][-]{chapter.1}{Introducci\363n}{}% 1
\BOOKMARK [1][-]{section.1.1}{Historia}{chapter.1}% 2
\BOOKMARK [1][-]{section.1.2}{Tipos de drones}{chapter.1}% 3
\BOOKMARK [1][-]{section.1.3}{Aplicaciones}{chapter.1}% 4
\BOOKMARK [1][-]{section.1.4}{Normativa sobre Drones}{chapter.1}% 5
\BOOKMARK [2][-]{subsection.1.4.1}{Tipo de dron}{section.1.4}% 6
\BOOKMARK [2][-]{subsection.1.4.2}{Espacio a\351reo}{section.1.4}% 7
\BOOKMARK [2][-]{subsection.1.4.3}{Seguridad}{section.1.4}% 8
\BOOKMARK [2][-]{subsection.1.4.4}{Carnet de piloto de Drones en Espa\361a}{section.1.4}% 9
\BOOKMARK [0][-]{chapter.2}{Objetivos}{}% 10
\BOOKMARK [1][-]{section.2.1}{Problemas a abordar}{chapter.2}% 11
\BOOKMARK [1][-]{section.2.2}{Requisitos}{chapter.2}% 12
\BOOKMARK [1][-]{section.2.3}{Metodolog\355a y plan de trabajo}{chapter.2}% 13
\BOOKMARK [0][-]{chapter.3}{Infraestructura}{}% 14
\BOOKMARK [1][-]{section.3.1}{Hardware}{chapter.3}% 15
\BOOKMARK [2][-]{subsection.3.1.1}{Dron}{section.3.1}% 16
\BOOKMARK [2][-]{subsection.3.1.2}{Pixhawk 2}{section.3.1}% 17
\BOOKMARK [1][-]{section.3.2}{Software}{chapter.3}% 18
\BOOKMARK [2][-]{subsection.3.2.1}{JdeRobot}{section.3.2}% 19
\BOOKMARK [2][-]{subsection.3.2.2}{Interfaces}{section.3.2}% 20
\BOOKMARK [1][-]{section.3.3}{MAVLink}{chapter.3}% 21
\BOOKMARK [1][-]{section.3.4}{Python}{chapter.3}% 22
\BOOKMARK [0][-]{chapter.4}{MavLinkServer}{}% 23
\BOOKMARK [1][-]{section.4.1}{Script de arranque}{chapter.4}% 24
\BOOKMARK [1][-]{section.4.2}{MavProxy}{chapter.4}% 25
\BOOKMARK [1][-]{section.4.3}{Modulos MavLink}{chapter.4}% 26
\BOOKMARK [1][-]{section.4.4}{Integridad con JdeRobot}{chapter.4}% 27
\BOOKMARK [0][-]{chapter.5}{Visor Uav Viewer}{}% 28
\BOOKMARK [0][-]{chapter.6}{Conclusiones}{}% 29
\BOOKMARK [0][-]{chapter.7}{Bibliografia}{}% 30
